Unity Player [version: Unity 5.0.1f1_5a2e8fe35a68]

pinball.exe caused an Access Violation (0xc0000005)
  in module pinball.exe at 0023:015fde44.

Error occurred at 2015-06-02_014226.
C:\github\FirstGame\pinball.exe, run by Ricardo.
70% memory in use.
0 MB physical memory [2425 MB free].
0 MB paging file [2946 MB free].
0 MB user address space [3815 MB free].
Read from location 00000004 caused an access violation.

Context:
EDI:    0x0000006f  ESI: 0xc4ac75ef  EAX:   0x000006e0
EBX:    0x00000000  ECX: 0x00000000  EDX:   0x03b0f590
EIP:    0x015fde44  EBP: 0x003cfb38  SegCs: 0x00000023
EFlags: 0x00010246  ESP: 0x003cfaa0  SegSs: 0x0000002b

Bytes at CS:EIP:
8b 73 04 83 c4 08 3b f3 74 11 8b ff 8b 4e 08 8b 

Stack:
0x003cfaa0: 01e03580 01e04528 c4ac75ef 00000001 .5..(E...u......
0x003cfab0: 00bc6484 035be700 00000000 3f800000 .d....[........?
0x003cfac0: 00000000 00000000 00000000 3f800000 ...............?
0x003cfad0: 00000000 00000000 00000000 003cfafc ..............<.
0x003cfae0: 01bd3877 003cfb30 00000000 00000000 w8..0.<.........
0x003cfaf0: 00000000 035be700 035be76c 035be76c ......[.l.[.l.[.
0x003cfb00: 035be700 003cfb14 015fc232 c4ac75ef ..[...<.2._..u..
0x003cfb10: 01bd39ff 003cfb34 015e47f0 03b0f588 .9..4.<..G^.....
0x003cfb20: 003cfb34 00000000 003cfc20 015e19c7 4.<..... .<...^.
0x003cfb30: 00000003 015fc3a2 003cfc20 013b6581 ......_. .<..e;.
0x003cfb40: 00000000 00000000 74759c00 01dbcfc4 ..........ut....
0x003cfb50: 08fa22a0 003cf800 00000000 00000000 ."....<.........
0x003cfb60: 00000000 003c0101 00000000 00000000 ......<.........
0x003cfb70: 00000001 00000000 00000000 00000000 ................
0x003cfb80: 00000000 00000000 00000000 00000000 ................
0x003cfb90: 00000000 00000000 00000000 00000000 ................
0x003cfba0: 00000000 00000000 00000000 00000000 ................
0x003cfbb0: 00000000 00000000 00000000 003cfb6c ............l.<.
0x003cfbc0: 003cfb70 00000000 00000000 00000000 p.<.............
0x003cfbd0: 00000000 00000000 00000000 00000000 ................
0x003cfbe0: 00000000 00000001 00000001 00000000 ................
0x003cfbf0: 00000000 00000000 00000000 00000000 ................
0x003cfc00: 00000000 00000000 00000000 00000002 ................
0x003cfc10: 0fa00000 00000001 03afd400 0100fc2c ............,...
0x003cfc20: 003cfc5c 0144db81 00000000 00000001 \.<...D.........
0x003cfc30: 00000000 00000010 00000000 0027072e ..............'.
0x003cfc40: 00000202 00000000 02ff0431 0cc4a31e ........1.......
0x003cfc50: 00000431 000002ff 00000480 003cfd90 1.............<.
0x003cfc60: 0144f800 017bbf22 00000000 ffb75000 ..D.".{......P..
0x003cfc70: 00bd79a0 01c0003f 000001ff 00000000 .y..?...........
0x003cfc80: 00000029 0000002f 00000fff 00bd7970 ).../.......py..
0x003cfc90: 00ba2df8 01efdb58 7fffffff 0000002e .-..X...........
0x003cfca0: 0000002f 00ba2df8 01efdb58 0000000f /....-..X.......
0x003cfcb0: 0000000f 7fffffff 00000000 01fa9928 ............(...
0x003cfcc0: 00ba1cb0 0000000f 003cfc00 003cfcfc ..........<...<.
0x003cfcd0: 017d6f99 00ba2df8 01efdb58 0000000f .o}..-..X.......
0x003cfce0: 00bd7ac0 7fffffff 00000000 01fa9928 .z..........(...
0x003cfcf0: 0000002f 0000002f 003cfd00 00bd7b80 /.../.....<..{..
0x003cfd00: 017c640c 00ba2df8 01efdb58 00000020 .d|..-..X... ...
0x003cfd10: 0000002f 00000004 616e614d 00646567 /.......Managed.
0x003cfd20: 00ba1cb0 756e6547 00000007 0000000f ....Genu........
0x003cfd30: 00000000 009d8630 00bc7a90 00bc7ac8 ....0....z...z..
0x003cfd40: 00bc7ac8 003cfd74 72637300 696e6565 .z..t.<..screeni
0x003cfd50: 6c640064 017b006c 00000000 0000000f d.dll.{.........
0x003cfd60: 003cfd80 00000000 003cfd80 017b6a07 ..<.......<..j{.
0x003cfd70: 00742988 00000000 0000000f 00000000 .)t.............
0x003cfd80: 00000000 009d8630 00000000 009d8670 ....0.......p...
0x003cfd90: 003cfda8 01784e98 011f0000 00000000 ..<..Nx.........
0x003cfda0: 0074298a 00000001 003cfe38 017bbecf .)t.....8.<...{.
0x003cfdb0: 011f0000 00000000 0074298a 00000001 .........)t.....
0x003cfdc0: 4f9947dd 017bbf22 017bbf22 ffb75000 .G.O".{.".{..P..
0x003cfdd0: 00000044 00740b56 00740b36 00740af6 D...V.t.6.t...t.
0x003cfde0: 00000000 00000000 00000000 00000000 ................
0x003cfdf0: 00000000 00000000 00000000 00000401 ................
0x003cfe00: 00000001 00000000 00000000 00010001 ................
0x003cfe10: 00000000 c0000005 017bbf22 00000000 ........".{.....
0x003cfe20: 003cfdc0 003cf4cc 003cfe84 017bdaf0 ..<...<...<...{.
0x003cfe30: 4e515b55 00000000 003cfe4c 76cc7c04 U[QN....L.<..|.v
0x003cfe40: ffb75000 76cc7be0 2698d458 003cfe94 .P...{.vX..&..<.
0x003cfe50: 76f1ad1f ffb75000 26bfcd7e 00000000 ...v.P..~..&....
0x003cfe60: 00000000 ffb75000 c0000005 7609f510 .....P.........v
0x003cfe70: 00007fff 003cf4ac 26bfcd7e 003cfe58 ......<.~..&X.<.
0x003cfe80: 003cf4ac 003cfe9c 76f574a0 50729eda ..<...<..t.v..rP
0x003cfe90: 00000000 003cfea4 76f1acea ffffffff ......<....v....
0x003cfea0: 76f00234 00000000 00000000 017bbf22 4..v........".{.
0x003cfeb0: ffb75000 00000000 00000000 00000000 .P..............
0x003cfec0: 00000000 00000000 00000000 00000000 ................
0x003cfed0: 00000000 00000000 00000000 00000000 ................
0x003cfee0: 00000000 00000000 00000000 00000000 ................
0x003cfef0: 00000000 00000000 00000000 00000000 ................
0x003cff00: 00000000 00000000 00000000 00000000 ................
0x003cff10: 00000000 00000000 00000000 00000000 ................
0x003cff20: 00000000 00000000 00000000 00000000 ................
0x003cff30: 00000000 00000000 00000000 00000000 ................
0x003cff40: 00000000 00000000 00000000 00000000 ................
0x003cff50: 00000000 00000000 00000000 00000000 ................
0x003cff60: 00000000 00000000 00000000 00000000 ................
0x003cff70: 00000000 00000000 00000000 00000000 ................
0x003cff80: 00000000 00000000 00000000 00000000 ................
0x003cff90: 00000000 00000000 00000000 00000000 ................
0x003cffa0: 00000000 00000000 00000000 00000000 ................
0x003cffb0: 00000000 00000000 00000000 00000000 ................
0x003cffc0: 00000000 00000000 00000000 00000000 ................
0x003cffd0: 00000000 00000000 00000000 00000000 ................
0x003cffe0: 00000000 00000000 00000000 00000000 ................
0x003cfff0: 00000000 00000000 00000000 00000000 ................

Module 1
C:\github\FirstGame\pinball.exe
Image Base: 0x011f0000  Image Size: 0x00fad000
File Size:  15665952    File Time:  2015-03-27_081514
Version:
   Company:    
   Product:    
   FileDesc:   
   FileVer:    5.0.1.11919
   ProdVer:    5.0.1.11919

Module 2
C:\WINDOWS\SYSTEM32\xinput1_3.dll
Image Base: 0x00400000  Image Size: 0x00016000
File Size:  81768       File Time:  2007-04-04_185342
Version:
   Company:    Microsoft Corporation
   Product:    Microsoft® DirectX for Windows®
   FileDesc:   Microsoft Common Controller API
   FileVer:    9.18.944.0
   ProdVer:    9.18.944.0

Module 3
C:\github\FirstGame\pinball_Data\Mono\mono.dll
Image Base: 0x10000000  Image Size: 0x0022f000
File Size:  2109216     File Time:  2015-03-27_081516
Version:
   Company:    
   Product:    
   FileDesc:   
   FileVer:    0.0.0.0
   ProdVer:    0.0.0.0

Module 4
C:\WINDOWS\SYSTEM32\DDRAW.dll
Image Base: 0x54650000  Image Size: 0x000ec000
File Size:  544256      File Time:  2014-10-28_215248
Version:
   Company:    Microsoft Corporation
   Product:    Sistema Operacional Microsoft® Windows®
   FileDesc:   Microsoft DirectDraw
   FileVer:    6.3.9600.17415
   ProdVer:    6.3.9600.17415

Module 5
C:\WINDOWS\SYSTEM32\OPENGL32.dll
Image Base: 0x549c0000  Image Size: 0x000de000
File Size:  777728      File Time:  2014-10-28_225752
Version:
   Company:    Microsoft Corporation
   Product:    Microsoft® Windows® Operating System
   FileDesc:   OpenGL Client DLL
   FileVer:    6.3.9600.17415
   ProdVer:    6.3.9600.17415

Module 6
C:\WINDOWS\SYSTEM32\dsound.dll
Image Base: 0x56120000  Image Size: 0x00081000
File Size:  517120      File Time:  2014-10-28_224754
Version:
   Company:    Microsoft Corporation
   Product:    Sistema Operacional Microsoft® Windows®
   FileDesc:   DirectSound
   FileVer:    6.3.9600.17415
   ProdVer:    6.3.9600.17415

Module 7
C:\WINDOWS\SYSTEM32\wdmaud.drv
Image Base: 0x561b0000  Image Size: 0x00036000
File Size:  197120      File Time:  2014-10-28_215318
Version:
   Company:    Microsoft Corporation
   Product:    Sistema Operacional Microsoft® Windows®
   FileDesc:   Driver de sistema de áudio Winmm
   FileVer:    6.3.9600.17415
   ProdVer:    6.3.9600.17415

Module 8
C:\WINDOWS\SYSTEM32\GLU32.dll
Image Base: 0x57590000  Image Size: 0x00025000
File Size:  140288      File Time:  2014-10-28_225952
Version:
   Company:    Microsoft Corporation
   Product:    Sistema Operacional Microsoft® Windows®
   FileDesc:   DLL da biblioteca de utilitários OpenGL
   FileVer:    6.3.9600.17415
   ProdVer:    6.3.9600.17415

Module 9
C:\WINDOWS\SYSTEM32\midimap.dll
Image Base: 0x576d0000  Image Size: 0x00008000
File Size:  18944       File Time:  2014-10-28_225824
Version:
   Company:    Microsoft Corporation
   Product:    Microsoft® Windows® Operating System
   FileDesc:   Microsoft MIDI Mapper
   FileVer:    6.3.9600.17415
   ProdVer:    6.3.9600.17415

Module 10
C:\WINDOWS\SYSTEM32\msacm32.drv
Image Base: 0x576e0000  Image Size: 0x00009000
File Size:  23040       File Time:  2014-10-28_225432
Version:
   Company:    Microsoft Corporation
   Product:    Sistema Operacional Microsoft® Windows®
   FileDesc:   Mapeador de som da Microsoft
   FileVer:    6.3.9600.17415
   ProdVer:    6.3.9600.17415

Module 11
C:\WINDOWS\SYSTEM32\DCIMAN32.dll
Image Base: 0x58480000  Image Size: 0x00007000
File Size:  11776       File Time:  2014-10-28_230002
Version:
   Company:    Microsoft Corporation
   Product:    Microsoft® Windows® Operating System
   FileDesc:   DCI Manager
   FileVer:    6.3.9600.17415
   ProdVer:    6.3.9600.17415

Module 12
C:\WINDOWS\SYSTEM32\igdumdim32.dll
Image Base: 0x619b0000  Image Size: 0x00af5000
File Size:  11433984    File Time:  2014-01-29_083234
Version:
   Company:    Intel Corporation
   Product:    Intel HD Graphics Drivers for Windows 8(R)
   FileDesc:   User Mode Driver for Intel(R) Graphics Technology
   FileVer:    10.18.10.3355
   ProdVer:    10.18.10.3355

Module 13
C:\Program Files\WIDCOMM\Bluetooth Software\SysWOW64\BtMmHook.dll
Image Base: 0x68260000  Image Size: 0x00037000
File Size:  205528      File Time:  2013-09-04_191456
Version:
   Company:    Broadcom Corporation.
   Product:    Bluetooth Software
   FileDesc:   Multimedia Keys Hook DLL
   FileVer:    12.0.0.7850
   ProdVer:    12.0.0.7850

Module 14
C:\WINDOWS\SYSTEM32\ksuser.dll
Image Base: 0x68520000  Image Size: 0x00007000
File Size:  19096       File Time:  2014-10-29_000702
Version:
   Company:    Microsoft Corporation
   Product:    Microsoft® Windows® Operating System
   FileDesc:   User CSA Library
   FileVer:    6.3.9600.17415
   ProdVer:    6.3.9600.17415

Module 15
C:\WINDOWS\SYSTEM32\AVRT.dll
Image Base: 0x68540000  Image Size: 0x0000a000
File Size:  31496       File Time:  2014-10-29_001134
Version:
   Company:    Microsoft Corporation
   Product:    Microsoft® Windows® Operating System
   FileDesc:   Multimedia Realtime Runtime
   FileVer:    6.3.9600.17415
   ProdVer:    6.3.9600.17415

Module 16
C:\WINDOWS\SYSTEM32\igdusc32.dll
Image Base: 0x68b10000  Image Size: 0x00364000
File Size:  3535872     File Time:  2014-01-29_083236
Version:
   Company:    Intel Corporation
   Product:    Intel Graphics Accelerator Drivers for Windows 7(R)
   FileDesc:   Unified Shader Compiler for Intel(R) Graphics Accelerator
   FileVer:    8.15.10.9141
   ProdVer:    8.15.10.9141

Module 17
C:\WINDOWS\SYSTEM32\d3d9.dll
Image Base: 0x69ff0000  Image Size: 0x001d3000
File Size:  1907384     File Time:  2014-10-29_001204
Version:
   Company:    Microsoft Corporation
   Product:    Microsoft® Windows® Operating System
   FileDesc:   Direct3D 9 Runtime
   FileVer:    6.3.9600.17415
   ProdVer:    6.3.9600.17415

Module 18
C:\WINDOWS\SYSTEM32\DNSAPI.dll
Image Base: 0x6a870000  Image Size: 0x0007e000
File Size:  498688      File Time:  2014-10-28_220628
Version:
   Company:    Microsoft Corporation
   Product:    Sistema Operacional Microsoft® Windows®
   FileDesc:   DLL da API de cliente DNS
   FileVer:    6.3.9600.17415
   ProdVer:    6.3.9600.17415

Module 19
C:\WINDOWS\SYSTEM32\WINHTTP.dll
Image Base: 0x6a9d0000  Image Size: 0x0009f000
File Size:  631808      File Time:  2014-10-28_215622
Version:
   Company:    Microsoft Corporation
   Product:    Sistema Operacional Microsoft® Windows®
   FileDesc:   Windows HTTP Services
   FileVer:    6.3.9600.17415
   ProdVer:    6.3.9600.17415

Module 20
C:\WINDOWS\SYSTEM32\AUDIOSES.DLL
Image Base: 0x6d180000  Image Size: 0x00060000
File Size:  370424      File Time:  2014-10-29_000710
Version:
   Company:    Microsoft Corporation
   Product:    Sistema Operacional Microsoft® Windows®
   FileDesc:   Sessão de Áudio
   FileVer:    6.3.9600.17415
   ProdVer:    6.3.9600.17415

Module 21
C:\WINDOWS\system32\dwmapi.dll
Image Base: 0x6d6d0000  Image Size: 0x0001a000
File Size:  102728      File Time:  2014-10-29_001204
Version:
   Company:    Microsoft Corporation
   Product:    Sistema Operacional Microsoft® Windows®
   FileDesc:   API do Gerenciador de Janelas da Área de Trabalho Microsoft
   FileVer:    6.3.9600.17415
   ProdVer:    6.3.9600.17415

Module 22
C:\WINDOWS\SYSTEM32\oleacc.dll
Image Base: 0x6d920000  Image Size: 0x00050000
File Size:  306688      File Time:  2014-10-28_215806
Version:
   Company:    Microsoft Corporation
   Product:    Microsoft® Windows® Operating System
   FileDesc:   Active Accessibility Core Component
   FileVer:    7.2.9600.17415
   ProdVer:    6.3.9600.17415

Module 23
C:\Program Files (x86)\Common Files\microsoft shared\ink\tiptsf.dll
Image Base: 0x6fd80000  Image Size: 0x0007d000
File Size:  493056      File Time:  2014-10-28_214914
Version:
   Company:    Microsoft Corporation
   Product:    Sistema Operacional Microsoft® Windows®
   FileDesc:   Teclado Virtual e Estrutura de Serviços de Texto do Painel de Manuscrito
   FileVer:    6.3.9600.17415
   ProdVer:    6.3.9600.17415

Module 24
C:\WINDOWS\SYSTEM32\dbghelp.dll
Image Base: 0x6fe50000  Image Size: 0x00141000
File Size:  1207296     File Time:  2015-03-31_233102
Version:
   Company:    Microsoft Corporation
   Product:    Microsoft® Windows® Operating System
   FileDesc:   Windows Image Helper
   FileVer:    6.3.9600.17787
   ProdVer:    6.3.9600.17787

Module 25
C:\WINDOWS\SYSTEM32\ntmarta.dll
Image Base: 0x6ffa0000  Image Size: 0x00028000
File Size:  154392      File Time:  2014-10-29_001538
Version:
   Company:    Microsoft Corporation
   Product:    Sistema Operacional Microsoft® Windows®
   FileDesc:   Provedor MARTA do Windows NT
   FileVer:    6.3.9600.17415
   ProdVer:    6.3.9600.17415

Module 26
C:\WINDOWS\WinSxS\x86_microsoft.windows.common-controls_6595b64144ccf1df_6.0.9600.17784_none_a9f497a901334c74\comctl32.dll
Image Base: 0x70810000  Image Size: 0x00206000
File Size:  2106368     File Time:  2015-03-27_002134
Version:
   Company:    Microsoft Corporation
   Product:    Sistema operacional Microsoft® Windows®
   FileDesc:   Biblioteca de Controles de Experiência do Usuário
   FileVer:    6.10.9600.17784
   ProdVer:    6.3.9600.17784

Module 27
C:\WINDOWS\SYSTEM32\MSACM32.dll
Image Base: 0x70bb0000  Image Size: 0x00017000
File Size:  89816       File Time:  2014-10-29_000702
Version:
   Company:    Microsoft Corporation
   Product:    Sistema Operacional Microsoft® Windows®
   FileDesc:   Filtro de áudio do gerenciador de compactação de áudio da Microsoft
   FileVer:    6.3.9600.17415
   ProdVer:    6.3.9600.17415

Module 28
C:\WINDOWS\SYSTEM32\MMDevAPI.DLL
Image Base: 0x70fe0000  Image Size: 0x00053000
File Size:  331048      File Time:  2014-10-29_000702
Version:
   Company:    Microsoft Corporation
   Product:    Sistema Operacional Microsoft® Windows®
   FileDesc:   API do MMDevice
   FileVer:    6.3.9600.17415
   ProdVer:    6.3.9600.17415

Module 29
C:\WINDOWS\SYSTEM32\shcore.dll
Image Base: 0x71040000  Image Size: 0x0008b000
File Size:  560392      File Time:  2015-01-23_020234
Version:
   Company:    Microsoft Corporation
   Product:    Sistema Operacional Microsoft® Windows®
   FileDesc:   SHCORE
   FileVer:    6.3.9600.17666
   ProdVer:    6.3.9600.17666

Module 30
C:\WINDOWS\SYSTEM32\HID.DLL
Image Base: 0x71540000  Image Size: 0x0000a000
File Size:  26624       File Time:  2014-10-28_220540
Version:
   Company:    Microsoft Corporation
   Product:    Sistema Operacional Microsoft® Windows®
   FileDesc:   Biblioteca de Usuário de HID
   FileVer:    6.3.9600.17415
   ProdVer:    6.3.9600.17415

Module 31
C:\WINDOWS\SYSTEM32\WINMMBASE.dll
Image Base: 0x71690000  Image Size: 0x00023000
File Size:  134280      File Time:  2014-10-29_000702
Version:
   Company:    Microsoft Corporation
   Product:    Microsoft® Windows® Operating System
   FileDesc:   Base Multimedia Extension API DLL
   FileVer:    6.3.9600.17415
   ProdVer:    6.3.9600.17415

Module 32
C:\WINDOWS\SYSTEM32\WINMM.dll
Image Base: 0x716c0000  Image Size: 0x00023000
File Size:  136840      File Time:  2014-10-29_000702
Version:
   Company:    Microsoft Corporation
   Product:    Sistema Operacional Microsoft® Windows®
   FileDesc:   MCI API DLL
   FileVer:    6.3.9600.17415
   ProdVer:    6.3.9600.17415

Module 33
C:\WINDOWS\SYSTEM32\powrprof.dll
Image Base: 0x716f0000  Image Size: 0x00040000
File Size:  255136      File Time:  2014-10-29_001846
Version:
   Company:    Microsoft Corporation
   Product:    Sistema Operacional Microsoft® Windows®
   FileDesc:   DLL do Auxiliar do Perfil de Energia
   FileVer:    6.3.9600.17415
   ProdVer:    6.3.9600.17415

Module 34
C:\WINDOWS\system32\uxtheme.dll
Image Base: 0x71850000  Image Size: 0x000ed000
File Size:  949760      File Time:  2014-10-28_214830
Version:
   Company:    Microsoft Corporation
   Product:    Sistema Operacional Microsoft® Windows®
   FileDesc:   Biblioteca UxTheme Microsoft
   FileVer:    6.3.9600.17415
   ProdVer:    6.3.9600.17415

Module 35
C:\WINDOWS\SYSTEM32\VERSION.dll
Image Base: 0x71de0000  Image Size: 0x00008000
File Size:  26304       File Time:  2014-10-29_001056
Version:
   Company:    Microsoft Corporation
   Product:    Microsoft® Windows® Operating System
   FileDesc:   Version Checking and File Installation Libraries
   FileVer:    6.3.9600.17415
   ProdVer:    6.3.9600.17415

Module 36
C:\WINDOWS\SYSTEM32\DEVOBJ.dll
Image Base: 0x71df0000  Image Size: 0x00021000
File Size:  127552      File Time:  2014-10-29_001842
Version:
   Company:    Microsoft Corporation
   Product:    Microsoft® Windows® Operating System
   FileDesc:   Device Information Set DLL
   FileVer:    6.3.9600.17415
   ProdVer:    6.3.9600.17415

Module 37
C:\WINDOWS\SYSTEM32\MSWSOCK.dll
Image Base: 0x71eb0000  Image Size: 0x0004b000
File Size:  286208      File Time:  2014-10-28_220618
Version:
   Company:    Microsoft Corporation
   Product:    Sistema Operacional Microsoft® Windows®
   FileDesc:   Provedor de serviços do Microsoft Windows Sockets 2.0
   FileVer:    6.3.9600.17415
   ProdVer:    6.3.9600.17415

Module 38
C:\WINDOWS\SYSTEM32\WINNSI.DLL
Image Base: 0x71f60000  Image Size: 0x00008000
File Size:  26304       File Time:  2014-10-29_000516
Version:
   Company:    Microsoft Corporation
   Product:    Microsoft® Windows® Operating System
   FileDesc:   Network Store Information RPC interface
   FileVer:    6.3.9600.17415
   ProdVer:    6.3.9600.17415

Module 39
C:\WINDOWS\SYSTEM32\IPHLPAPI.DLL
Image Base: 0x71f70000  Image Size: 0x00020000
File Size:  120864      File Time:  2014-10-29_000516
Version:
   Company:    Microsoft Corporation
   Product:    Sistema Operacional Microsoft® Windows®
   FileDesc:   API de Auxiliar de IP
   FileVer:    6.3.9600.17415
   ProdVer:    6.3.9600.17415

Module 40
C:\WINDOWS\SYSTEM32\kernel.appcore.dll
Image Base: 0x744f0000  Image Size: 0x00009000
File Size:  29920       File Time:  2014-10-29_001848
Version:
   Company:    Microsoft Corporation
   Product:    Microsoft® Windows® Operating System
   FileDesc:   AppModel API Host
   FileVer:    6.3.9600.17415
   ProdVer:    6.3.9600.17415

Module 41
C:\WINDOWS\SYSTEM32\bcryptPrimitives.dll
Image Base: 0x74650000  Image Size: 0x00054000
File Size:  340848      File Time:  2014-10-29_001538
Version:
   Company:    Microsoft Corporation
   Product:    Microsoft® Windows® Operating System
   FileDesc:   Windows Cryptographic Primitives Library
   FileVer:    6.3.9600.17415
   ProdVer:    6.3.9600.17415

Module 42
C:\WINDOWS\SYSTEM32\CRYPTBASE.dll
Image Base: 0x746b0000  Image Size: 0x0000a000
File Size:  30984       File Time:  2014-10-29_000516
Version:
   Company:    Microsoft Corporation
   Product:    Microsoft® Windows® Operating System
   FileDesc:   Base cryptographic API DLL
   FileVer:    6.3.9600.17415
   ProdVer:    6.3.9600.17415

Module 43
C:\WINDOWS\SYSTEM32\SspiCli.dll
Image Base: 0x746c0000  Image Size: 0x0001e000
File Size:  104960      File Time:  2014-10-28_220606
Version:
   Company:    Microsoft Corporation
   Product:    Microsoft® Windows® Operating System
   FileDesc:   Security Support Provider Interface
   FileVer:    6.3.9600.17415
   ProdVer:    6.3.9600.17415

Module 44
C:\WINDOWS\SYSTEM32\USER32.dll
Image Base: 0x74740000  Image Size: 0x00153000
File Size:  1376256     File Time:  2014-10-28_220436
Version:
   Company:    Microsoft Corporation
   Product:    Sistema operacional Microsoft® Windows®
   FileDesc:   DLL de cliente API de usuário Windows para multiusuários
   FileVer:    6.3.9600.17415
   ProdVer:    6.3.9600.17415

Module 45
C:\WINDOWS\SYSTEM32\WS2_32.dll
Image Base: 0x748a0000  Image Size: 0x00050000
File Size:  321248      File Time:  2014-10-29_000516
Version:
   Company:    Microsoft Corporation
   Product:    Sistema Operacional Microsoft® Windows®
   FileDesc:   DLL de 32 bits do Windows Socket 2.0
   FileVer:    6.3.9600.17415
   ProdVer:    6.3.9600.17415

Module 46
C:\WINDOWS\SYSTEM32\GDI32.dll
Image Base: 0x748f0000  Image Size: 0x0010e000
File Size:  1096704     File Time:  2014-10-28_221020
Version:
   Company:    Microsoft Corporation
   Product:    Microsoft® Windows® Operating System
   FileDesc:   GDI Client DLL
   FileVer:    6.3.9600.17415
   ProdVer:    6.3.9600.17415

Module 47
C:\WINDOWS\SYSTEM32\MSCTF.dll
Image Base: 0x74c10000  Image Size: 0x00112000
File Size:  1124352     File Time:  2015-03-14_051352
Version:
   Company:    Microsoft Corporation
   Product:    Sistema Operacional Microsoft® Windows®
   FileDesc:   DLL de servidor MSCTF
   FileVer:    6.3.9600.17706
   ProdVer:    6.3.9600.17706

Module 48
C:\WINDOWS\SYSTEM32\SHELL32.dll
Image Base: 0x74d30000  Image Size: 0x012ac000
File Size:  19731824    File Time:  2015-02-12_143408
Version:
   Company:    Microsoft Corporation
   Product:    Sistema operacional Microsoft® Windows®
   FileDesc:   DLL comum do Shell do Windows
   FileVer:    6.3.9600.17680
   ProdVer:    6.3.9600.17680

Module 49
C:\WINDOWS\SYSTEM32\KERNELBASE.dll
Image Base: 0x75fe0000  Image Size: 0x000d7000
File Size:  862720      File Time:  2014-10-28_230316
Version:
   Company:    Microsoft Corporation
   Product:    Sistema Operacional Microsoft® Windows®
   FileDesc:   DLL cliente da API BASE do Windows NT
   FileVer:    6.3.9600.17415
   ProdVer:    6.3.9600.17415

Module 50
C:\WINDOWS\SYSTEM32\ole32.dll
Image Base: 0x760c0000  Image Size: 0x00128000
File Size:  1209624     File Time:  2014-10-29_001002
Version:
   Company:    Microsoft Corporation
   Product:    Sistema Operacional Microsoft® Windows®
   FileDesc:   Microsoft OLE para Windows
   FileVer:    6.3.9600.17415
   ProdVer:    6.3.9600.17415

Module 51
C:\WINDOWS\SYSTEM32\cfgmgr32.dll
Image Base: 0x761f0000  Image Size: 0x0003c000
File Size:  241168      File Time:  2014-10-29_001848
Version:
   Company:    Microsoft Corporation
   Product:    Microsoft® Windows® Operating System
   FileDesc:   Configuration Manager DLL
   FileVer:    6.3.9600.17415
   ProdVer:    6.3.9600.17415

Module 52
C:\WINDOWS\SYSTEM32\RPCRT4.dll
Image Base: 0x76240000  Image Size: 0x000ba000
File Size:  747008      File Time:  2014-10-28_220756
Version:
   Company:    Microsoft Corporation
   Product:    Sistema Operacional Microsoft® Windows®
   FileDesc:   Tempo de Execução da Chamada de Procedimento Remoto
   FileVer:    6.3.9600.17415
   ProdVer:    6.3.9600.17415

Module 53
C:\WINDOWS\SYSTEM32\NSI.dll
Image Base: 0x76300000  Image Size: 0x00007000
File Size:  20120       File Time:  2014-10-29_000516
Version:
   Company:    Microsoft Corporation
   Product:    Microsoft® Windows® Operating System
   FileDesc:   NSI User-mode interface DLL
   FileVer:    6.3.9600.17415
   ProdVer:    6.3.9600.17415

Module 54
C:\WINDOWS\SYSTEM32\clbcatq.dll
Image Base: 0x76310000  Image Size: 0x0008d000
File Size:  569128      File Time:  2014-10-29_001002
Version:
   Company:    Microsoft Corporation
   Product:    Microsoft® Windows® Operating System
   FileDesc:   COM+ Configuration Catalog
   FileVer:    2001.12.10530.17415
   ProdVer:    6.3.9600.17415

Module 55
C:\WINDOWS\SYSTEM32\SHLWAPI.dll
Image Base: 0x763b0000  Image Size: 0x00045000
File Size:  278352      File Time:  2014-10-29_001056
Version:
   Company:    Microsoft Corporation
   Product:    Sistema operacional Microsoft® Windows®
   FileDesc:   Biblioteca de utilitário abreviado para Shell
   FileVer:    6.3.9600.17415
   ProdVer:    6.3.9600.17415

Module 56
C:\WINDOWS\SYSTEM32\combase.dll
Image Base: 0x76400000  Image Size: 0x0017d000
File Size:  1564464     File Time:  2014-10-29_001002
Version:
   Company:    Microsoft Corporation
   Product:    Sistema Operacional Microsoft® Windows®
   FileDesc:   Microsoft COM para Windows
   FileVer:    6.3.9600.17415
   ProdVer:    6.3.9600.17415

Module 57
C:\WINDOWS\SYSTEM32\OLEAUT32.dll
Image Base: 0x76780000  Image Size: 0x00095000
File Size:  602776      File Time:  2014-12-19_052530
Version:
   Company:    Microsoft Corporation
   Product:    
   FileDesc:   
   FileVer:    6.3.9600.17560
   ProdVer:    6.3.9600.17560

Module 58
C:\WINDOWS\SYSTEM32\IMM32.dll
Image Base: 0x76820000  Image Size: 0x00027000
File Size:  141312      File Time:  2014-10-28_225950
Version:
   Company:    Microsoft Corporation
   Product:    Microsoft® Windows® Operating System
   FileDesc:   Multi-User Windows IMM32 API Client DLL
   FileVer:    6.3.9600.17415
   ProdVer:    6.3.9600.17415

Module 59
C:\WINDOWS\SYSTEM32\msvcrt.dll
Image Base: 0x76850000  Image Size: 0x000c3000
File Size:  800008      File Time:  2014-10-29_000630
Version:
   Company:    Microsoft Corporation
   Product:    Microsoft® Windows® Operating System
   FileDesc:   Windows NT CRT DLL
   FileVer:    7.0.9600.17415
   ProdVer:    6.1.8638.17415

Module 60
C:\WINDOWS\SYSTEM32\PSAPI.DLL
Image Base: 0x76960000  Image Size: 0x00006000
File Size:  16504       File Time:  2014-10-29_001844
Version:
   Company:    Microsoft Corporation
   Product:    Microsoft® Windows® Operating System
   FileDesc:   Process Status Helper
   FileVer:    6.3.9600.17415
   ProdVer:    6.3.9600.17415

Module 61
C:\WINDOWS\SYSTEM32\SETUPAPI.dll
Image Base: 0x76970000  Image Size: 0x001b1000
File Size:  1782912     File Time:  2014-10-29_001848
Version:
   Company:    Microsoft Corporation
   Product:    Sistema Operacional Microsoft® Windows®
   FileDesc:   API de instalação do Windows
   FileVer:    6.3.9600.17415
   ProdVer:    6.3.9600.17415

Module 62
C:\WINDOWS\SYSTEM32\sechost.dll
Image Base: 0x76bc0000  Image Size: 0x00041000
File Size:  257216      File Time:  2015-03-23_184506
Version:
   Company:    Microsoft Corporation
   Product:    Microsoft® Windows® Operating System
   FileDesc:   Host for SCM/SDDL/LSA Lookup APIs
   FileVer:    6.3.9600.17734
   ProdVer:    6.3.9600.17734

Module 63
C:\WINDOWS\SYSTEM32\ADVAPI32.dll
Image Base: 0x76c30000  Image Size: 0x0007c000
File Size:  507152      File Time:  2014-10-29_000614
Version:
   Company:    Microsoft Corporation
   Product:    Sistema Operacional Microsoft® Windows®
   FileDesc:   API de base do Windows 32 avançada
   FileVer:    6.3.9600.17415
   ProdVer:    6.3.9600.17415

Module 64
C:\WINDOWS\SYSTEM32\KERNEL32.DLL
Image Base: 0x76cb0000  Image Size: 0x00140000
File Size:  1040384     File Time:  2014-10-28_225824
Version:
   Company:    Microsoft Corporation
   Product:    Sistema Operacional Microsoft® Windows®
   FileDesc:   DLL cliente da API BASE do Windows NT
   FileVer:    6.3.9600.17415
   ProdVer:    6.3.9600.17415

Module 65
C:\WINDOWS\SYSTEM32\ntdll.dll
Image Base: 0x76ec0000  Image Size: 0x0016e000
File Size:  1498872     File Time:  2015-03-23_185900
Version:
   Company:    Microsoft Corporation
   Product:    Sistema Operacional Microsoft® Windows®
   FileDesc:   DLL de nível do NT
   FileVer:    6.3.9600.17736
   ProdVer:    6.3.9600.17736


== [end of error.log] ==
